<?xml version="1.0" encoding="UTF-8"?>
<!-- Generated by org.testng.reporters.JUnitXMLReporter -->
<testsuite ignored="0" hostname="DESKTOP-JKMLIMQ" failures="0" tests="6" name="Default test" time="0.448" errors="0" timestamp="2023-10-19T03:18:12 IST">
  <testcase classname="testScripts.StackoverflowTest" name="@BeforeClass setUp" time="0.018">
    <failure type="java.lang.NullPointerException" message="Cannot invoke &amp;quot;String.equalsIgnoreCase(String)&amp;quot; because the return value of &amp;quot;common.Reusable.getGlobalData(String)&amp;quot; is null">
      <![CDATA[java.lang.NullPointerException: Cannot invoke "String.equalsIgnoreCase(String)" because the return value of "common.Reusable.getGlobalData(String)" is null
at common.Reusable.createDriverInstance(Reusable.java:35)
at testScripts.StackoverflowTest.setUp(StackoverflowTest.java:28)
at java.base/jdk.internal.reflect.NativeMethodAccessorImpl.invoke0(Native Method)
at java.base/jdk.internal.reflect.NativeMethodAccessorImpl.invoke(NativeMethodAccessorImpl.java:77)
at java.base/jdk.internal.reflect.DelegatingMethodAccessorImpl.invoke(DelegatingMethodAccessorImpl.java:43)
at java.base/java.lang.reflect.Method.invoke(Method.java:568)
at org.testng.internal.MethodInvocationHelper.invokeMethod(MethodInvocationHelper.java:133)
at org.testng.internal.MethodInvocationHelper.invokeMethodConsideringTimeout(MethodInvocationHelper.java:62)
at org.testng.internal.ConfigInvoker.invokeConfigurationMethod(ConfigInvoker.java:385)
at org.testng.internal.ConfigInvoker.invokeConfigurations(ConfigInvoker.java:321)
at org.testng.internal.TestMethodWorker.invokeBeforeClassMethods(TestMethodWorker.java:176)
at org.testng.internal.TestMethodWorker.run(TestMethodWorker.java:122)
at java.base/java.util.ArrayList.forEach(ArrayList.java:1511)
at org.testng.TestRunner.privateRun(TestRunner.java:794)
at org.testng.TestRunner.run(TestRunner.java:596)
at org.testng.SuiteRunner.runTest(SuiteRunner.java:377)
at org.testng.SuiteRunner.runSequentially(SuiteRunner.java:371)
at org.testng.SuiteRunner.privateRun(SuiteRunner.java:332)
at org.testng.SuiteRunner.run(SuiteRunner.java:276)
at org.testng.SuiteRunnerWorker.runSuite(SuiteRunnerWorker.java:53)
at org.testng.SuiteRunnerWorker.run(SuiteRunnerWorker.java:96)
at org.testng.TestNG.runSuitesSequentially(TestNG.java:1212)
at org.testng.TestNG.runSuitesLocally(TestNG.java:1134)
at org.testng.TestNG.runSuites(TestNG.java:1063)
at org.testng.TestNG.run(TestNG.java:1031)
at org.testng.remote.AbstractRemoteTestNG.run(AbstractRemoteTestNG.java:115)
at org.testng.remote.RemoteTestNG.initAndRun(RemoteTestNG.java:251)
at org.testng.remote.RemoteTestNG.main(RemoteTestNG.java:77)
]]>
    </failure>
  </testcase> <!-- @BeforeClass setUp -->
  <testcase classname="testScripts.StackoverflowTest" name="@AfterClass tearDown" time="-1.697665692235E9">
    <skipped/>
  </testcase> <!-- @AfterClass tearDown -->
  <testcase classname="testScripts.StackoverflowTest" name="test_theLogo" time="0.0">
    <skipped/>
  </testcase> <!-- test_theLogo -->
  <testcase classname="testScripts.StackoverflowTest" name="test_the_Aboutheader_link" time="0.0">
    <skipped/>
  </testcase> <!-- test_the_Aboutheader_link -->
  <testcase classname="testScripts.StackoverflowTest" name="test_the_Products_link" time="0.0">
    <skipped/>
  </testcase> <!-- test_the_Products_link -->
  <testcase classname="testScripts.StackoverflowTest" name="test_For_Teams_link" time="0.0">
    <skipped/>
  </testcase> <!-- test_For_Teams_link -->
  <testcase classname="testScripts.StackoverflowTest" name="Search_box" time="0.0">
    <skipped/>
  </testcase> <!-- Search_box -->
  <testcase classname="testScripts.StackoverflowTest" name="test_the_Log_in_button" time="0.0">
    <skipped/>
  </testcase> <!-- test_the_Log_in_button -->
</testsuite> <!-- Default test -->
